May-31 22:57:21.276 [main] DEBUG nextflow.cli.Launcher - $> nextflow run . -profile test -stub-run --workflow clinical --caller haplotypecaller
May-31 22:57:21.375 [main] DEBUG nextflow.cli.CmdRun - N E X T F L O W  ~  version 25.04.3
May-31 22:57:21.390 [main] DEBUG nextflow.plugin.PluginsFacade - Setting up plugin manager > mode=prod; embedded=false; plugins-dir=/home/jmk/.nextflow/plugins; core-plugins: nf-amazon@2.15.0,nf-azure@1.16.0,nf-cloudcache@0.4.3,nf-codecommit@0.2.3,nf-console@1.2.1,nf-google@1.21.0,nf-k8s@1.0.0,nf-tower@1.11.3,nf-wave@1.12.1
May-31 22:57:21.407 [main] INFO  o.pf4j.DefaultPluginStatusProvider - Enabled plugins: []
May-31 22:57:21.408 [main] INFO  o.pf4j.DefaultPluginStatusProvider - Disabled plugins: []
May-31 22:57:21.410 [main] INFO  org.pf4j.DefaultPluginManager - PF4J version 3.12.0 in 'deployment' mode
May-31 22:57:21.417 [main] INFO  org.pf4j.AbstractPluginManager - No plugins
May-31 22:57:21.864 [main] DEBUG nextflow.config.ConfigBuilder - Found config local: /media/drive_c/nf_pipes/nextflow.config
May-31 22:57:21.866 [main] DEBUG nextflow.config.ConfigBuilder - Parsing config file: /media/drive_c/nf_pipes/nextflow.config
May-31 22:57:21.877 [main] DEBUG n.secret.LocalSecretsProvider - Secrets store: /home/jmk/.nextflow/secrets/store.json
May-31 22:57:21.879 [main] DEBUG nextflow.secret.SecretsLoader - Discovered secrets providers: [nextflow.secret.LocalSecretsProvider@30c1da48] - activable => nextflow.secret.LocalSecretsProvider@30c1da48
May-31 22:57:21.888 [main] DEBUG nextflow.config.ConfigBuilder - Applying config profile: `test`
May-31 22:57:21.995 [main] DEBUG nextflow.config.ConfigBuilder - Available config profiles: [test, apptainer, singularity, docker]
May-31 22:57:22.018 [main] DEBUG nextflow.cli.CmdRun - Applied DSL=2 from script declaration
May-31 22:57:22.029 [main] DEBUG nextflow.cli.CmdRun - Launching `./main.nf` [extravagant_thompson] DSL2 - revision: ab1dcf7eee
May-31 22:57:22.030 [main] DEBUG nextflow.plugin.PluginsFacade - Plugins default=[]
May-31 22:57:22.031 [main] DEBUG nextflow.plugin.PluginsFacade - Plugins resolved requirement=[]
May-31 22:57:22.066 [main] DEBUG nextflow.Session - Session UUID: ee911bfb-c3cf-4389-989e-2d23ac497bd6
May-31 22:57:22.066 [main] DEBUG nextflow.Session - Run name: extravagant_thompson
May-31 22:57:22.067 [main] DEBUG nextflow.Session - Executor pool size: 64
May-31 22:57:22.072 [main] DEBUG nextflow.file.FilePorter - File porter settings maxRetries=3; maxTransfers=50; pollTimeout=null
May-31 22:57:22.076 [main] DEBUG nextflow.util.ThreadPoolBuilder - Creating thread pool 'FileTransfer' minSize=10; maxSize=192; workQueue=LinkedBlockingQueue[-1]; allowCoreThreadTimeout=false
May-31 22:57:22.090 [main] DEBUG nextflow.cli.CmdRun - 
  Version: 25.04.3 build 5949
  Created: 02-06-2025 20:56 UTC (15:56 CDT)
  System: Linux 6.8.0-101-generic
  Runtime: Groovy 4.0.26 on OpenJDK 64-Bit Server VM 21.0.11+10-1-24.04.2-Ubuntu
  Encoding: UTF-8 (UTF-8)
  Process: 243081@jmk-bob [127.0.1.1]
  CPUs: 64 - Mem: 503.5 GB (464.3 GB) - Swap: 2 GB (2 GB)
May-31 22:57:22.106 [main] DEBUG nextflow.Session - Work-dir: /media/drive_c/nf_pipes/work [ext2/ext3]
May-31 22:57:22.107 [main] DEBUG nextflow.Session - Script base path does not exist or is not a directory: /media/drive_c/nf_pipes/bin
May-31 22:57:22.114 [main] DEBUG nextflow.executor.ExecutorFactory - Extension executors providers=[]
May-31 22:57:22.121 [main] DEBUG nextflow.Session - Observer factory: DefaultObserverFactory
May-31 22:57:22.139 [main] DEBUG nextflow.Session - Observer factory (v2): LinObserverFactory
May-31 22:57:22.155 [main] DEBUG nextflow.cache.CacheFactory - Using Nextflow cache factory: nextflow.cache.DefaultCacheFactory
May-31 22:57:22.161 [main] DEBUG nextflow.util.CustomThreadPool - Creating default thread pool > poolSize: 65; maxThreads: 1000
May-31 22:57:22.207 [main] DEBUG nextflow.Session - Session start
May-31 22:57:22.209 [main] DEBUG nextflow.trace.TraceFileObserver - Workflow started -- trace file: /media/drive_c/nf_pipes/results/test/pipeline_info/trace.txt
May-31 22:57:22.471 [main] DEBUG nextflow.script.ScriptRunner - > Launching execution
May-31 22:57:23.134 [main] INFO  nextflow.Nextflow - 
==============================================
                 nf-prism runtime
==============================================
Reads pattern         : /media/drive_c/nf_pipes/data/test_sample*_R{1,2}.fastq.gz
Reference FASTA       : /media/drive_c/nf_pipes/data/test_ref.fa
Output directory      : /media/drive_c/nf_pipes/results/test
Skip QC               : true
Alignment engine      : minimap2
Preprocess engine     : samtools
Variant caller        : haplotypecaller
Endpoint workflow     : clinical
ClinVar resource      : disabled
Report variant limit  : 25
==============================================
Reference indexes are built on demand inside the workflow.
Clinical reporting uses bcftools-based local triage with optional ClinVar overlay and WeasyPrint PDF generation.

May-31 22:57:23.222 [main] DEBUG nextflow.script.ProcessConfig - Config settings `withName:BUILD_FASTA_INDEX` matches process SF_UPSTREAM:BUILD_FASTA_INDEX
May-31 22:57:23.232 [main] DEBUG nextflow.executor.ExecutorFactory - << taskConfig executor: local
May-31 22:57:23.233 [main] DEBUG nextflow.executor.ExecutorFactory - >> processorType: 'local'
May-31 22:57:23.236 [main] DEBUG nextflow.executor.Executor - [warm up] executor > local
May-31 22:57:23.241 [main] DEBUG n.processor.LocalPollingMonitor - Creating local task monitor for executor 'local' > cpus=64; memory=503.5 GB; capacity=64; pollInterval=100ms; dumpInterval=5m
May-31 22:57:23.243 [main] DEBUG n.processor.TaskPollingMonitor - >>> barrier register (monitor: local)
May-31 22:57:23.259 [main] DEBUG nextflow.processor.TaskProcessor - Creating process 'SF_UPSTREAM:BUILD_FASTA_INDEX': maxForks=2; fair=false; array=0
May-31 22:57:23.281 [main] INFO  nextflow.Nextflow - QC routing: FASTQC and FASTP skipped; raw reads move directly to alignment.
May-31 22:57:23.283 [main] INFO  nextflow.Nextflow - Alignment routing: minimap2 short-read mode selected.
May-31 22:57:23.300 [main] DEBUG nextflow.script.ProcessConfig - Config settings `withName:ALIGN_MINIMAP2` matches process SF_ALIGNMENT:ALIGN_MINIMAP2
May-31 22:57:23.302 [main] DEBUG nextflow.executor.ExecutorFactory - << taskConfig executor: local
May-31 22:57:23.302 [main] DEBUG nextflow.executor.ExecutorFactory - >> processorType: 'local'
May-31 22:57:23.303 [main] DEBUG nextflow.processor.TaskProcessor - Creating process 'SF_ALIGNMENT:ALIGN_MINIMAP2': maxForks=2; fair=false; array=0
May-31 22:57:23.305 [main] INFO  nextflow.Nextflow - Preprocess routing: samtools sort/index selected.
May-31 22:57:23.309 [main] DEBUG nextflow.script.ProcessConfig - Config settings `withName:RUN_SAMTOOLS` matches process SF_PREPROCESS:RUN_SAMTOOLS
May-31 22:57:23.310 [main] DEBUG nextflow.executor.ExecutorFactory - << taskConfig executor: local
May-31 22:57:23.310 [main] DEBUG nextflow.executor.ExecutorFactory - >> processorType: 'local'
May-31 22:57:23.311 [main] DEBUG nextflow.processor.TaskProcessor - Creating process 'SF_PREPROCESS:RUN_SAMTOOLS': maxForks=2; fair=false; array=0
May-31 22:57:23.313 [main] INFO  nextflow.Nextflow - Variant routing: GATK HaplotypeCaller selected.
May-31 22:57:23.315 [main] DEBUG nextflow.script.ProcessConfig - Config settings `withName:BUILD_SEQUENCE_DICTIONARY` matches process SF_CALLING:BUILD_SEQUENCE_DICTIONARY
May-31 22:57:23.318 [main] DEBUG nextflow.executor.ExecutorFactory - << taskConfig executor: local
May-31 22:57:23.318 [main] DEBUG nextflow.executor.ExecutorFactory - >> processorType: 'local'
May-31 22:57:23.319 [main] DEBUG nextflow.processor.TaskProcessor - Creating process 'SF_CALLING:BUILD_SEQUENCE_DICTIONARY': maxForks=2; fair=false; array=0
May-31 22:57:23.330 [main] DEBUG nextflow.script.ProcessConfig - Config settings `withName:CALL_GATK` matches process SF_CALLING:CALL_GATK
May-31 22:57:23.332 [main] DEBUG nextflow.executor.ExecutorFactory - << taskConfig executor: local
May-31 22:57:23.332 [main] DEBUG nextflow.executor.ExecutorFactory - >> processorType: 'local'
May-31 22:57:23.333 [main] DEBUG nextflow.processor.TaskProcessor - Creating process 'SF_CALLING:CALL_GATK': maxForks=2; fair=false; array=0
May-31 22:57:23.334 [main] INFO  nextflow.Nextflow - Endpoint routing: clinical annotation and PDF compilation selected.
May-31 22:57:23.335 [main] INFO  nextflow.Nextflow - Clinical annotations: using intrinsic VCF annotations only.
May-31 22:57:23.339 [main] DEBUG nextflow.script.ProcessConfig - Config settings `withName:RUN_CLINICAL_ANNOTATION` matches process SF_ENDPOINTS:RUN_CLINICAL_ANNOTATION
May-31 22:57:23.341 [main] DEBUG nextflow.executor.ExecutorFactory - << taskConfig executor: local
May-31 22:57:23.341 [main] DEBUG nextflow.executor.ExecutorFactory - >> processorType: 'local'
May-31 22:57:23.342 [main] DEBUG nextflow.processor.TaskProcessor - Creating process 'SF_ENDPOINTS:RUN_CLINICAL_ANNOTATION': maxForks=2; fair=false; array=0
May-31 22:57:23.347 [main] DEBUG nextflow.script.ProcessConfig - Config settings `withName:BUILD_CLINICAL_REPORT` matches process SF_ENDPOINTS:BUILD_CLINICAL_REPORT
May-31 22:57:23.348 [main] DEBUG nextflow.executor.ExecutorFactory - << taskConfig executor: local
May-31 22:57:23.348 [main] DEBUG nextflow.executor.ExecutorFactory - >> processorType: 'local'
May-31 22:57:23.349 [main] DEBUG nextflow.processor.TaskProcessor - Creating process 'SF_ENDPOINTS:BUILD_CLINICAL_REPORT': maxForks=2; fair=false; array=0
May-31 22:57:23.351 [main] DEBUG nextflow.Session - Workflow process names [dsl2]: SF_CALLING:BUILD_SEQUENCE_DICTIONARY, BUILD_BWAMEM2_INDEX, ALIGN_BWAMEM2, CALL_DEEPVARIANT, RUN_FASTP, RUN_SAMTOOLS, INDEX_CLINVAR_RESOURCE, SF_UPSTREAM:BUILD_FASTA_INDEX, ALIGN_MINIMAP2, SF_ALIGNMENT:ALIGN_MINIMAP2, SF_ENDPOINTS:RUN_CLINICAL_ANNOTATION, SF_ENDPOINTS:BUILD_CLINICAL_REPORT, BUILD_CLINICAL_REPORT, SF_PREPROCESS:RUN_SAMTOOLS, SF_CALLING:CALL_GATK, INDEX_BAM, CALL_GATK, BUILD_SEQUENCE_DICTIONARY, RUN_GENEALOGY_STACK, RUN_CLINICAL_ANNOTATION, RUN_CLINVAR_ANNOTATION, RUN_ELPREP, RUN_FASTQC, BUILD_FASTA_INDEX, FILTER_BY_PHENOTYPE
May-31 22:57:23.355 [main] DEBUG nextflow.Session - Igniting dataflow network (10)
May-31 22:57:23.359 [main] DEBUG nextflow.processor.TaskProcessor - Starting process > SF_UPSTREAM:BUILD_FASTA_INDEX
May-31 22:57:23.359 [PathVisitor-1] DEBUG nextflow.file.PathVisitor - files for syntax: glob; folder: /media/drive_c/nf_pipes/data/; pattern: test_sample*_R{1,2}.fastq.gz; options: [checkIfExists:true]
May-31 22:57:23.360 [main] DEBUG nextflow.processor.TaskProcessor - Starting process > SF_ALIGNMENT:ALIGN_MINIMAP2
May-31 22:57:23.360 [main] DEBUG nextflow.processor.TaskProcessor - Starting process > SF_PREPROCESS:RUN_SAMTOOLS
May-31 22:57:23.360 [main] DEBUG nextflow.processor.TaskProcessor - Starting process > SF_CALLING:BUILD_SEQUENCE_DICTIONARY
May-31 22:57:23.360 [main] DEBUG nextflow.processor.TaskProcessor - Starting process > SF_CALLING:CALL_GATK
May-31 22:57:23.361 [main] DEBUG nextflow.processor.TaskProcessor - Starting process > SF_ENDPOINTS:RUN_CLINICAL_ANNOTATION
May-31 22:57:23.361 [main] DEBUG nextflow.processor.TaskProcessor - Starting process > SF_ENDPOINTS:BUILD_CLINICAL_REPORT
May-31 22:57:23.361 [main] DEBUG nextflow.script.ScriptRunner - Parsed script files:
  Script_b20b8c778506c6b7: /media/drive_c/nf_pipes/subworkflows/local/calling.nf
  Script_13135270bfe56841: /media/drive_c/nf_pipes/subworkflows/local/endpoints.nf
  Script_cd197dd0434f69bf: /media/drive_c/nf_pipes/subworkflows/local/alignment.nf
  Script_42930351841b2158: /media/drive_c/nf_pipes/modules/local/reference.nf
  Script_a61a132d38473f09: /media/drive_c/nf_pipes/modules/local/variant_calling.nf
  Script_897ac31ee3b3a7f9: /media/drive_c/nf_pipes/main.nf
  Script_7fa3115f74871e4a: /media/drive_c/nf_pipes/modules/local/preprocess.nf
  Script_8cdda9f517b13d3f: /media/drive_c/nf_pipes/modules/local/genealogy.nf
  Script_230352674b52dfb6: /media/drive_c/nf_pipes/subworkflows/local/upstream.nf
  Script_c6ccab8c91771ca6: /media/drive_c/nf_pipes/modules/local/clinical.nf
  Script_c2effdd438da86c9: /media/drive_c/nf_pipes/modules/local/phenotype.nf
  Script_38878f6331acdb20: /media/drive_c/nf_pipes/subworkflows/local/preprocess.nf
  Script_edf68c8ac00fc472: /media/drive_c/nf_pipes/modules/local/alignment.nf
  Script_787b98e7a8caf824: /media/drive_c/nf_pipes/modules/local/qc.nf
May-31 22:57:23.362 [main] DEBUG nextflow.script.ScriptRunner - > Awaiting termination 
May-31 22:57:23.362 [main] DEBUG nextflow.Session - Session await
May-31 22:57:23.476 [Task submitter] DEBUG n.executor.local.LocalTaskHandler - Launch cmd line: /bin/bash -ue .command.run
May-31 22:57:23.477 [Task submitter] INFO  nextflow.Session - [2f/21c779] Submitted process > SF_UPSTREAM:BUILD_FASTA_INDEX (reference-faidx)
May-31 22:57:23.485 [Task submitter] DEBUG n.executor.local.LocalTaskHandler - Launch cmd line: /bin/bash -ue .command.run
May-31 22:57:23.485 [Task submitter] INFO  nextflow.Session - [41/30b2c9] Submitted process > SF_CALLING:BUILD_SEQUENCE_DICTIONARY (reference-dict)
May-31 22:57:23.587 [Task monitor] DEBUG n.processor.TaskPollingMonitor - Task completed > TaskHandler[id: 2; name: SF_UPSTREAM:BUILD_FASTA_INDEX (reference-faidx); status: COMPLETED; exit: 0; error: -; workDir: /media/drive_c/nf_pipes/work/2f/21c77960817633613029bbe5fce4d4]
May-31 22:57:23.587 [Task monitor] DEBUG nextflow.util.ThreadPoolBuilder - Creating thread pool 'TaskFinalizer' minSize=10; maxSize=192; workQueue=LinkedBlockingQueue[-1]; allowCoreThreadTimeout=false
May-31 22:57:23.589 [Task monitor] DEBUG n.processor.TaskPollingMonitor - Task completed > TaskHandler[id: 1; name: SF_CALLING:BUILD_SEQUENCE_DICTIONARY (reference-dict); status: COMPLETED; exit: 0; error: -; workDir: /media/drive_c/nf_pipes/work/41/30b2c9260ea49ea3c359e655b3adfc]
May-31 22:57:23.612 [TaskFinalizer-2] DEBUG nextflow.util.ThreadPoolBuilder - Creating thread pool 'PublishDir' minSize=10; maxSize=192; workQueue=LinkedBlockingQueue[-1]; allowCoreThreadTimeout=false
May-31 22:57:23.620 [Task submitter] DEBUG n.executor.local.LocalTaskHandler - Launch cmd line: /bin/bash -ue .command.run
May-31 22:57:23.621 [Task submitter] INFO  nextflow.Session - [29/e56bc1] Submitted process > SF_ALIGNMENT:ALIGN_MINIMAP2 (test_sample)
May-31 22:57:23.730 [Task monitor] DEBUG n.processor.TaskPollingMonitor - Task completed > TaskHandler[id: 3; name: SF_ALIGNMENT:ALIGN_MINIMAP2 (test_sample); status: COMPLETED; exit: 0; error: -; workDir: /media/drive_c/nf_pipes/work/29/e56bc122a69ee16961ab1a947a32b1]
May-31 22:57:23.745 [Task submitter] DEBUG n.executor.local.LocalTaskHandler - Launch cmd line: /bin/bash -ue .command.run
May-31 22:57:23.746 [Task submitter] INFO  nextflow.Session - [2f/a266da] Submitted process > SF_PREPROCESS:RUN_SAMTOOLS (test_sample)
May-31 22:57:23.857 [Task monitor] DEBUG n.processor.TaskPollingMonitor - Task completed > TaskHandler[id: 4; name: SF_PREPROCESS:RUN_SAMTOOLS (test_sample); status: COMPLETED; exit: 0; error: -; workDir: /media/drive_c/nf_pipes/work/2f/a266da562edd454c1488da392c4185]
May-31 22:57:23.872 [Task submitter] DEBUG n.executor.local.LocalTaskHandler - Launch cmd line: /bin/bash -ue .command.run
May-31 22:57:23.873 [Task submitter] INFO  nextflow.Session - [83/f2973a] Submitted process > SF_CALLING:CALL_GATK (test_sample)
May-31 22:57:23.994 [Task monitor] DEBUG n.processor.TaskPollingMonitor - Task completed > TaskHandler[id: 5; name: SF_CALLING:CALL_GATK (test_sample); status: COMPLETED; exit: 0; error: -; workDir: /media/drive_c/nf_pipes/work/83/f2973a1e24f05c1b30f1d4f746a4f1]
May-31 22:57:24.014 [Task submitter] DEBUG n.executor.local.LocalTaskHandler - Launch cmd line: /bin/bash -ue .command.run
May-31 22:57:24.014 [Task submitter] INFO  nextflow.Session - [a6/44d901] Submitted process > SF_ENDPOINTS:RUN_CLINICAL_ANNOTATION (test_sample)
May-31 22:57:24.135 [Task monitor] DEBUG n.processor.TaskPollingMonitor - Task completed > TaskHandler[id: 6; name: SF_ENDPOINTS:RUN_CLINICAL_ANNOTATION (test_sample); status: COMPLETED; exit: 0; error: -; workDir: /media/drive_c/nf_pipes/work/a6/44d90139cc7a7fab81a912861002b1]
May-31 22:57:24.153 [Task submitter] DEBUG n.executor.local.LocalTaskHandler - Launch cmd line: /bin/bash -ue .command.run
May-31 22:57:24.153 [Task submitter] INFO  nextflow.Session - [38/41dc2a] Submitted process > SF_ENDPOINTS:BUILD_CLINICAL_REPORT (test_sample)
May-31 22:57:24.271 [Task monitor] DEBUG n.processor.TaskPollingMonitor - Task completed > TaskHandler[id: 7; name: SF_ENDPOINTS:BUILD_CLINICAL_REPORT (test_sample); status: COMPLETED; exit: 0; error: -; workDir: /media/drive_c/nf_pipes/work/38/41dc2a8c270bf8f75b1b12ee0364c2]
May-31 22:57:24.275 [main] DEBUG nextflow.Session - Session await > all processes finished
May-31 22:57:24.372 [Task monitor] DEBUG n.processor.TaskPollingMonitor - <<< barrier arrives (monitor: local) - terminating tasks monitor poll loop
May-31 22:57:24.372 [main] DEBUG nextflow.Session - Session await > all barriers passed
May-31 22:57:24.374 [main] DEBUG nextflow.util.ThreadPoolManager - Thread pool 'TaskFinalizer' shutdown completed (hard=false)
May-31 22:57:24.375 [main] DEBUG nextflow.util.ThreadPoolManager - Thread pool 'PublishDir' shutdown completed (hard=false)
May-31 22:57:24.376 [main] INFO  nextflow.Nextflow - nf-prism finished with status: SUCCESS
May-31 22:57:24.376 [main] INFO  nextflow.Nextflow - Published results: /media/drive_c/nf_pipes/results/test
May-31 22:57:24.381 [main] DEBUG n.trace.WorkflowStatsObserver - Workflow completed > WorkflowStats[succeededCount=7; failedCount=0; ignoredCount=0; cachedCount=0; pendingCount=0; submittedCount=0; runningCount=0; retriesCount=0; abortedCount=0; succeedDuration=150ms; failedDuration=0ms; cachedDuration=0ms;loadCpus=0; loadMemory=0; peakRunning=2; peakCpus=8; peakMemory=32 GB; ]
May-31 22:57:24.381 [main] DEBUG nextflow.trace.TraceFileObserver - Workflow completed -- saving trace file
May-31 22:57:24.382 [main] DEBUG nextflow.trace.ReportObserver - Workflow completed -- rendering execution report
May-31 22:57:24.710 [main] DEBUG nextflow.trace.TimelineObserver - Workflow completed -- rendering execution timeline
May-31 22:57:24.852 [main] DEBUG nextflow.cache.CacheDB - Closing CacheDB done
May-31 22:57:24.866 [main] DEBUG nextflow.plugin.PluginsFacade - Using Default plugin manager
May-31 22:57:24.868 [main] INFO  o.pf4j.DefaultPluginStatusProvider - Enabled plugins: []
May-31 22:57:24.868 [main] INFO  o.pf4j.DefaultPluginStatusProvider - Disabled plugins: []
May-31 22:57:24.869 [main] INFO  org.pf4j.DefaultPluginManager - PF4J version 3.12.0 in 'deployment' mode
May-31 22:57:24.869 [main] DEBUG nextflow.cache.CacheFactory - Using Nextflow cache factory: nextflow.cache.DefaultCacheFactory
May-31 22:57:24.909 [main] DEBUG nextflow.cache.CacheDB - Closing CacheDB done
May-31 22:57:24.910 [main] DEBUG nextflow.util.ThreadPoolManager - Thread pool 'FileTransfer' shutdown completed (hard=false)
May-31 22:57:24.910 [main] DEBUG nextflow.script.ScriptRunner - > Execution complete -- Goodbye
